h7zxnDjOt6LSC9fs+khEqXLt00Ti+WJLfNiqnyd8KDTi695p8zoCfd26qohaVElYhL3sclDta739xwDRYr1WJJnXUdzVtx1bN0hHUv7DfSF1fyh5WhVlswA=
0V1j/dpHjxu0ho2L6dLknd/4242Yog+Y1FQMv6lj2N23iAxpRuYQl1yK2XQIqlWTy9wOmm75KQzp1uHdHZUnfLMb
BWS4bqKKrysIIQCqrc+E/ikfg7d6/hliED4MWyvL4NAOT3mBjHjJ3trEDWZhzSvPnMIpDOgyxR1KVJ4CDgFZxKke0eU9jTd0sxM=
sNMjZuqR3sCzg5wCU5b/i0R1gNAieg7OHl66783Al+lYYG7Iqu8QOOMju3pjo6wSGmNyRI3vTSz5n+gag6Ar4mK76YEBpxQptj1xsxQ=
bkD2X0BQPXPg+TARnWix4CkFhbdm5hhiED4MWyvL4NAOT3mBjHjJ3trEDWZhzSvPnMIpDOgyxRlKVJ4CDgFZxKke0eU9jTd0sxM=
i39Ksbw4/PVahbyk6dSssAiDopQaanuHmHFSp8hJf0BQFm3FxvSwP12/1IqFGBqe+RvGa605DEitkhCgab8qrsrMxkOlkpk0tRslvztyswk=
c9Zg79Kl3pn70vdaKId4tigFhbdm5hhiED4MWyvL4NAOT3mBjHjJ3trEDWZhzSvPnMIpDOgyxRdKVJ4CDgFZxKke0eU9jTd0sxM=
x2AvLh4vc7K90WoTDRGqGgiDopQaanuHmHFSp8hJf0FQFm3FxvSwP12/1IqFGBqe+RvGa605DEitkhCgabEqrsrMxkOlkpk0tRslvztyswk=
zzcwU68BnnPNDSFW5IkxTg+ewy7QctQXm2e4PG6j4S089FFSWkiV6tFhsyP8LnGgWH4dUYkYRk4+LQEoyfLJyQ2BL3izHw==
OLBXluPtyp5dHNlfSzlF0009y4BfsXEuGi5DFjGezuFAVXmBjHjJ3trEDXVuyTHPnMIpDOgyxR1JVJ4CDgFZxKke0eU9jTd0sxM=
lO/FmcQM9ehDbaFdC5lGfw6ewy7QctQXm2e4PG6j4S089FFSWkiV6tFhsyP8LnGgWH4dVokYRk4+LQEoyfLJyQ2BL3izHw==
lGNuVLJJT+Os09hlNt2CF009y4BfsXEuGi5DFjGfzuFAVXmBjHjJ3trEDXVuyTHPnMIpDOgyxRpJVJ4CDgFZxKke0eU9jTd0sxM=
h9fDu33zPHDkDiFVdObTAA2ewy7QctQXm2e4PG6j4S089FFSWkiV6tFhsyP8LnGgWH4dVIkYRk4+LQEoyfLJyQ2BL3izHw==
4g1QryWqN2Hei4xeukd+bk09y4BfsXEuGi5DFjGczuFAVXmBjHjJ3trEDXVuyTHPnMIpDOgyxRhJVJ4CDgFZxKke0eU9jTd0sxM=
ab0KcWoEtvbnXrA/JcsvLgyewy7QctQXm2e4PG6j4S089FFSWkiV6tFhsyP8LnGgWH4dWokYRk4+LQEoyfLJyQ2BL3izHw==
ALOCbmebnhlCrJLmFznjYU09y4BfsXEuGi5DFjGdzuFAVXmBjHjJ3trEDXVuyTHPnMIpDOgyxRZJVJ4CDgFZxKke0eU9jTd0sxM=
X3gxsX63oQW3bC/pCve/K9J4EyYSiivTPHl2Ta36SiC+/wXvthtbVVrVoYi0hlxxOX1SBuFD7koL7xio8EjtoSNffDgBCxj7n/LLQeQiaqCc4mmsaJKF/Ug0XqKOoZnkqf4Rhb1td1SzMw==
W32W5fqxzeY26XMq6TugUdJ4EyYSiijTPHl2Ta36SiC+/wXvthtbVVrVoYi0hlxxOX1SBuFD7koL7xio8EjtoCNffDgBCxj7n/LLQeQiaqCc4mmsaJKF+Ug0XqKOoZnkqf4Rhb1td1SzMw==
VEdkMMA2YMFpHeExZmxeftJ4EyYSiivTPHl2Ta36SiC+/wXvthtaVVrVoYi0hlxxOX1SBuFD7koL7xio8EjtoyNffDgBCxj7n/LLQeQiaqCc4mmsaJKF/080XqKOoZnkqf4Rhb1td1SzMw==
QcWJFrGXm/TD88c+4qUIh9J4EyYSiijTPHl2Ta36SiC+/wXvthtaVVrVoYi0hlxxOX1SBuFD7koL7xio8EjtoiNffDgBCxj7n/LLQeQiaqCc4mmsaJKF+080XqKOoZnkqf4Rhb1td1SzMw==
OOuR0F8eW69qRagCgKWc+iHE4KV+M7fSXB0X7kDk6AargfzrvPYhCPjWreoOoPbmnoXRcAmqGaHt6d8As2c=
ogpv3sANsDiEFBTMucICQEXqcONGZCDrpCFDyIaNc+C7Nl930i6+ZLHnSTydZ6XezxiPcuYzFeHd79AZkiV9sxg=
